1636107044: You are a super user, please continue: 
1636107044: Continuing setup for the user: 
1636107044: Start generating password for the selected user: , 
1636107103: You are a super user, please continue: 
1636107103: Continuing setup for the user: rajni
1636107103: Start generating password for the selected user: rajni, rajni java developer
1636107131: You are a super user, please continue: 
1636107131: Continuing setup for the user: rajni
1636107131: Start generating password for the selected user: rajni, java developer
1636107328: You are a super user, please continue: 
1636107328: Continuing setup for the user: rajni
1636107328: Start generating password for the selected user: rajni, java developer
1636107482: You are a super user, please continue: 
1636107482: Continuing setup for the user: rajni
1636107482: Start generating password for the selected user: rajni, java developer
1636107546: You are a super user, please continue: 
1636107546: Continuing setup for the user: rajni
1636107546: Start generating password for the selected user: rajni, java developer
1636107791: You are a super user, please continue: 
1636107791: Continuing setup for the user: rajni
1636107791: Start generating password for the selected user: rajni, java developer
Generated password: bb7048292f39022947fd55d04b178478
1636107827: You are a super user, please continue: 
1636107827: Continuing setup for the user: rajni
1636107827: Start generating password for the selected user: rajni, java developer
Generated password: 9bd93c50fc6e33b3cfe2d5519d18da58
1636107863: You are a super user, please continue: 
1636107863: Continuing setup for the user: rajni
1636107863: Start generating password for the selected user: rajni, java developer
Generated password: 69ddd365c927e6d9ecdd7dabb6bc8630%
